<?xml version="1.0" encoding="UTF-8"?>
<!-- Generated by org.testng.reporters.JUnitXMLReporter -->
<testsuite ignored="48" hostname="LAPTOP-SD7F3B17" failures="0" tests="26" name="Test" time="395.834" errors="0" timestamp="2022-04-04T19:13:37 IST">
  <testcase classname="testCases.FillingCabsDetails.CitySelection_FROMTest" name="citySelection_FROM" time="8.944"/>
  <testcase classname="testCases.FillingCabsDetails.PickupTimeSelection" name="pickupTimeSelection" time="8.517"/>
  <testcase classname="testCases.FillingCabsDetails.CitySelection_TOTest" name="citySelection_TO" time="11.466"/>
  <testcase classname="testCases.HotelsPageSelection.CheckHotelOption" name="checkHotelOption" time="12.786"/>
  <testcase classname="testCases.SearchButtonFunctionalityCabsPage.SearchcabsfromdelhitomanaliTest" name="searchcabsfromdelhitomanali" time="26.276"/>
  <testcase classname="testCases.GiftCardPageSelection.SelectCorporateGiftTest" name="selectCorporateGiftTest" time="11.824"/>
  <testcase classname="testCases.HotelsPageSelection.VerifyUrlAfterClickOnHotel" name="verifyUrlOfHotel" time="8.268"/>
  <testcase classname="testCases.SearchButtonFunctionalityCabsPage.SearchCabsFromToDataDrivenTest" name="searchCabsFromToDataDrivenTest" time="26.851"/>
  <testcase classname="testCases.SearchButtonFunctionalityCabsPage.SearchCabsFromToDataDrivenTest" name="searchCabsFromToDataDrivenTest" time="26.244"/>
  <testcase classname="testCases.SearchButtonFunctionalityCabsPage.SearchCabsFromToDataDrivenTest" name="searchCabsFromToDataDrivenTest" time="30.04"/>
  <testcase classname="testCases.FillingCorporateGiftCardCredentials.SendersDetailsWithInvalidEmailTest" name="sendersDetailsWithInValidEmail" time="15.721"/>
  <testcase classname="testCases.FillingCorporateGiftCardCredentials.SendersDetailsWithInvalidMobileNumTest" name="sendersDetailsWithInValidMobileNumber" time="14.137"/>
  <testcase classname="testCases.CabsPageSelectionFromMenu.NavigateCabsPageTest" name="navigateCabsPageTest" time="8.803"/>
  <testcase classname="testCases.FillingCorporateGiftCardCredentials.EmptySendersDetailsTest" name="EmptysendersdetailsTest" time="10.896"/>
  <testcase classname="testCases.FillingCorporateGiftCardCredentials.SendersDetailsWithoutEmailTest" name="sendersDetailsWithoutEmail" time="14.775"/>
  <testcase classname="testCases.FillingCorporateGiftCardCredentials.SendersDetailsWithVaildEmailTest" name="sendersDetailsWithValidEmail" time="21.181"/>
  <testcase classname="testCases.VerifyRoomsandAdultsfromHotelsPage.GetListOfAdultOption" name="listOfAdultOption" time="11.111"/>
  <testcase classname="testCases.SearchButtonFunctionalityCabsPage.CheckSearchButtonTest" name="checkSearchButton" time="8.859"/>
  <testcase classname="testCases.FillingCorporateGiftCardCredentials.SendersDetailsWithoutNameTest" name="sendersDetailsWithoutName" time="12.968"/>
  <testcase classname="testCases.GiftCardPageSelection.NavigateGiftCardsPageTest" name="navigateGiftCardsPageTest" time="8.865"/>
  <testcase classname="testCases.CabsPageSelectionFromMenu.CheckCabsOption" name="checkCabsOption" time="8.156"/>
  <testcase classname="testCases.VerifyRoomsandAdultsfromHotelsPage.VerifyRoomDetailBox" name="checkRoomDetailBox" time="10.57"/>
  <testcase classname="testCases.SearchResultFilters.FilterCabsByCabType" name="filterCabsByCabType" time="32.395"/>
  <testcase classname="testCases.FillingCabsDetails.SelectDepartureDate" name="selectDepatureDate" time="5.576"/>
  <testcase classname="testCases.FillingCorporateGiftCardCredentials.SendersDetailsWithoutMobileNumTest" name="sendersDetailsWithoutMobileNum" time="7.511"/>
  <testcase classname="testCases.SearchResultFilters.FilterCabsByPrice" name="filterCabsByCabType" time="17.95"/>
  <testcase classname="BaseClasses.BaseTestClass" name="@AfterSuite tearDown" time="0.0">
    <ignored/>
  </testcase> <!-- @AfterSuite tearDown -->
  <testcase classname="BaseClasses.BaseTestClass" name="@AfterSuite tearDown" time="0.0">
    <ignored/>
  </testcase> <!-- @AfterSuite tearDown -->
  <testcase classname="BaseClasses.BaseTestClass" name="@AfterSuite tearDown" time="0.0">
    <ignored/>
  </testcase> <!-- @AfterSuite tearDown -->
  <testcase classname="BaseClasses.BaseTestClass" name="@AfterSuite tearDown" time="0.0">
    <ignored/>
  </testcase> <!-- @AfterSuite tearDown -->
  <testcase classname="BaseClasses.BaseTestClass" name="@AfterSuite tearDown" time="0.0">
    <ignored/>
  </testcase> <!-- @AfterSuite tearDown -->
  <testcase classname="BaseClasses.BaseTestClass" name="@AfterSuite tearDown" time="0.0">
    <ignored/>
  </testcase> <!-- @AfterSuite tearDown -->
  <testcase classname="BaseClasses.BaseTestClass" name="@AfterSuite tearDown" time="0.0">
    <ignored/>
  </testcase> <!-- @AfterSuite tearDown -->
  <testcase classname="BaseClasses.BaseTestClass" name="@AfterSuite tearDown" time="0.0">
    <ignored/>
  </testcase> <!-- @AfterSuite tearDown -->
  <testcase classname="BaseClasses.BaseTestClass" name="@AfterSuite tearDown" time="0.0">
    <ignored/>
  </testcase> <!-- @AfterSuite tearDown -->
  <testcase classname="BaseClasses.BaseTestClass" name="@AfterSuite tearDown" time="0.0">
    <ignored/>
  </testcase> <!-- @AfterSuite tearDown -->
  <testcase classname="BaseClasses.BaseTestClass" name="@AfterSuite tearDown" time="0.0">
    <ignored/>
  </testcase> <!-- @AfterSuite tearDown -->
  <testcase classname="BaseClasses.BaseTestClass" name="@AfterSuite tearDown" time="0.0">
    <ignored/>
  </testcase> <!-- @AfterSuite tearDown -->
  <testcase classname="BaseClasses.BaseTestClass" name="@AfterSuite tearDown" time="0.0">
    <ignored/>
  </testcase> <!-- @AfterSuite tearDown -->
  <testcase classname="BaseClasses.BaseTestClass" name="@AfterSuite tearDown" time="0.0">
    <ignored/>
  </testcase> <!-- @AfterSuite tearDown -->
  <testcase classname="BaseClasses.BaseTestClass" name="@AfterSuite tearDown" time="0.0">
    <ignored/>
  </testcase> <!-- @AfterSuite tearDown -->
  <testcase classname="BaseClasses.BaseTestClass" name="@AfterSuite tearDown" time="0.0">
    <ignored/>
  </testcase> <!-- @AfterSuite tearDown -->
  <testcase classname="BaseClasses.BaseTestClass" name="@AfterSuite tearDown" time="0.0">
    <ignored/>
  </testcase> <!-- @AfterSuite tearDown -->
  <testcase classname="BaseClasses.BaseTestClass" name="@AfterSuite tearDown" time="0.0">
    <ignored/>
  </testcase> <!-- @AfterSuite tearDown -->
  <testcase classname="BaseClasses.BaseTestClass" name="@AfterSuite tearDown" time="0.0">
    <ignored/>
  </testcase> <!-- @AfterSuite tearDown -->
  <testcase classname="BaseClasses.BaseTestClass" name="@AfterSuite tearDown" time="0.0">
    <ignored/>
  </testcase> <!-- @AfterSuite tearDown -->
  <testcase classname="BaseClasses.BaseTestClass" name="@AfterSuite tearDown" time="0.0">
    <ignored/>
  </testcase> <!-- @AfterSuite tearDown -->
  <testcase classname="BaseClasses.BaseTestClass" name="@AfterSuite tearDown" time="0.0">
    <ignored/>
  </testcase> <!-- @AfterSuite tearDown -->
  <testcase classname="BaseClasses.BaseTestClass" name="@AfterSuite tearDown" time="0.0">
    <ignored/>
  </testcase> <!-- @AfterSuite tearDown -->
  <testcase classname="BaseClasses.BaseTestClass" name="@AfterSuite tearDown" time="0.0">
    <ignored/>
  </testcase> <!-- @AfterSuite tearDown -->
  <testcase classname="BaseClasses.BaseTestClass" name="@BeforeSuite setup" time="0.0">
    <ignored/>
  </testcase> <!-- @BeforeSuite setup -->
  <testcase classname="BaseClasses.BaseTestClass" name="@BeforeSuite setup" time="0.0">
    <ignored/>
  </testcase> <!-- @BeforeSuite setup -->
  <testcase classname="BaseClasses.BaseTestClass" name="@BeforeSuite setup" time="0.0">
    <ignored/>
  </testcase> <!-- @BeforeSuite setup -->
  <testcase classname="BaseClasses.BaseTestClass" name="@BeforeSuite setup" time="0.0">
    <ignored/>
  </testcase> <!-- @BeforeSuite setup -->
  <testcase classname="BaseClasses.BaseTestClass" name="@BeforeSuite setup" time="0.0">
    <ignored/>
  </testcase> <!-- @BeforeSuite setup -->
  <testcase classname="BaseClasses.BaseTestClass" name="@BeforeSuite setup" time="0.0">
    <ignored/>
  </testcase> <!-- @BeforeSuite setup -->
  <testcase classname="BaseClasses.BaseTestClass" name="@BeforeSuite setup" time="0.0">
    <ignored/>
  </testcase> <!-- @BeforeSuite setup -->
  <testcase classname="BaseClasses.BaseTestClass" name="@BeforeSuite setup" time="0.0">
    <ignored/>
  </testcase> <!-- @BeforeSuite setup -->
  <testcase classname="BaseClasses.BaseTestClass" name="@BeforeSuite setup" time="0.0">
    <ignored/>
  </testcase> <!-- @BeforeSuite setup -->
  <testcase classname="BaseClasses.BaseTestClass" name="@BeforeSuite setup" time="0.0">
    <ignored/>
  </testcase> <!-- @BeforeSuite setup -->
  <testcase classname="BaseClasses.BaseTestClass" name="@BeforeSuite setup" time="0.0">
    <ignored/>
  </testcase> <!-- @BeforeSuite setup -->
  <testcase classname="BaseClasses.BaseTestClass" name="@BeforeSuite setup" time="0.0">
    <ignored/>
  </testcase> <!-- @BeforeSuite setup -->
  <testcase classname="BaseClasses.BaseTestClass" name="@BeforeSuite setup" time="0.0">
    <ignored/>
  </testcase> <!-- @BeforeSuite setup -->
  <testcase classname="BaseClasses.BaseTestClass" name="@BeforeSuite setup" time="0.0">
    <ignored/>
  </testcase> <!-- @BeforeSuite setup -->
  <testcase classname="BaseClasses.BaseTestClass" name="@BeforeSuite setup" time="0.0">
    <ignored/>
  </testcase> <!-- @BeforeSuite setup -->
  <testcase classname="BaseClasses.BaseTestClass" name="@BeforeSuite setup" time="0.0">
    <ignored/>
  </testcase> <!-- @BeforeSuite setup -->
  <testcase classname="BaseClasses.BaseTestClass" name="@BeforeSuite setup" time="0.0">
    <ignored/>
  </testcase> <!-- @BeforeSuite setup -->
  <testcase classname="BaseClasses.BaseTestClass" name="@BeforeSuite setup" time="0.0">
    <ignored/>
  </testcase> <!-- @BeforeSuite setup -->
  <testcase classname="BaseClasses.BaseTestClass" name="@BeforeSuite setup" time="0.0">
    <ignored/>
  </testcase> <!-- @BeforeSuite setup -->
  <testcase classname="BaseClasses.BaseTestClass" name="@BeforeSuite setup" time="0.0">
    <ignored/>
  </testcase> <!-- @BeforeSuite setup -->
  <testcase classname="BaseClasses.BaseTestClass" name="@BeforeSuite setup" time="0.0">
    <ignored/>
  </testcase> <!-- @BeforeSuite setup -->
  <testcase classname="BaseClasses.BaseTestClass" name="@BeforeSuite setup" time="0.0">
    <ignored/>
  </testcase> <!-- @BeforeSuite setup -->
  <testcase classname="BaseClasses.BaseTestClass" name="@BeforeSuite setup" time="0.0">
    <ignored/>
  </testcase> <!-- @BeforeSuite setup -->
  <testcase classname="BaseClasses.BaseTestClass" name="@BeforeSuite setup" time="0.0">
    <ignored/>
  </testcase> <!-- @BeforeSuite setup -->
</testsuite> <!-- Test -->
