<?xml version="1.0" encoding="UTF-8"?>
<!-- Generated by org.testng.reporters.JUnitXMLReporter -->
<testsuite ignored="42" hostname="LAPTOP-SD7F3B17" failures="0" tests="21" name="Test" time="141.212" errors="0" timestamp="2022-04-04T22:14:10 IST">
  <testcase classname="testCases.FillingCabsDetails.CitySelection_FROMTest" name="citySelection_FROM" time="6.143"/>
  <testcase classname="testCases.FillingCabsDetails.PickupTimeSelection" name="pickupTimeSelection" time="5.804"/>
  <testcase classname="testCases.FillingCabsDetails.CitySelection_TOTest" name="citySelection_TO" time="5.273"/>
  <testcase classname="testCases.HotelsPageSelection.CheckHotelOption" name="checkHotelOption" time="3.897"/>
  <testcase classname="testCases.SearchButtonFunctionalityCabsPage.SearchcabsfromdelhitomanaliTest" name="searchcabsfromdelhitomanali" time="15.771"/>
  <testcase classname="testCases.GiftCardPageSelection.SelectCorporateGiftTest" name="selectCorporateGiftTest" time="6.156"/>
  <testcase classname="testCases.HotelsPageSelection.VerifyUrlAfterClickOnHotel" name="verifyUrlOfHotel" time="4.288"/>
  <testcase classname="testCases.FillingCorporateGiftCardCredentials.SendersDetailsWithInvalidEmailTest" name="sendersDetailsWithInValidEmail" time="7.09"/>
  <testcase classname="testCases.FillingCorporateGiftCardCredentials.SendersDetailsWithInvalidMobileNumTest" name="sendersDetailsWithInValidMobileNumber" time="7.254"/>
  <testcase classname="testCases.CabsPageSelectionFromMenu.NavigateCabsPageTest" name="navigateCabsPageTest" time="4.929"/>
  <testcase classname="testCases.FillingCorporateGiftCardCredentials.EmptySendersDetailsTest" name="EmptysendersdetailsTest" time="6.03"/>
  <testcase classname="testCases.FillingCorporateGiftCardCredentials.SendersDetailsWithoutEmailTest" name="sendersDetailsWithoutEmail" time="6.86"/>
  <testcase classname="testCases.VerifyRoomsandAdultsfromHotelsPage.GetListOfAdultOption" name="listOfAdultOption" time="5.588"/>
  <testcase classname="testCases.SearchButtonFunctionalityCabsPage.CheckSearchButtonTest" name="checkSearchButton" time="4.465"/>
  <testcase classname="testCases.FillingCorporateGiftCardCredentials.SendersDetailsWithoutNameTest" name="sendersDetailsWithoutName" time="7.444"/>
  <testcase classname="testCases.GiftCardPageSelection.NavigateGiftCardsPageTest" name="navigateGiftCardsPageTest" time="4.646"/>
  <testcase classname="testCases.CabsPageSelectionFromMenu.CheckCabsOption" name="checkCabsOption" time="3.54"/>
  <testcase classname="testCases.VerifyRoomsandAdultsfromHotelsPage.VerifyRoomDetailBox" name="checkRoomDetailBox" time="4.281"/>
  <testcase classname="testCases.SearchResultFilters.FilterCabsByCabType" name="filterCabsByCabType" time="15.607"/>
  <testcase classname="testCases.FillingCabsDetails.SelectDepartureDate" name="selectDepatureDate" time="5.897"/>
  <testcase classname="testCases.FillingCorporateGiftCardCredentials.SendersDetailsWithoutMobileNumTest" name="sendersDetailsWithoutMobileNum" time="6.44"/>
  <testcase classname="BaseClasses.BaseTestClass" name="@AfterSuite tearDown" time="0.0">
    <ignored/>
  </testcase> <!-- @AfterSuite tearDown -->
  <testcase classname="BaseClasses.BaseTestClass" name="@AfterSuite tearDown" time="0.0">
    <ignored/>
  </testcase> <!-- @AfterSuite tearDown -->
  <testcase classname="BaseClasses.BaseTestClass" name="@AfterSuite tearDown" time="0.0">
    <ignored/>
  </testcase> <!-- @AfterSuite tearDown -->
  <testcase classname="BaseClasses.BaseTestClass" name="@AfterSuite tearDown" time="0.0">
    <ignored/>
  </testcase> <!-- @AfterSuite tearDown -->
  <testcase classname="BaseClasses.BaseTestClass" name="@AfterSuite tearDown" time="0.0">
    <ignored/>
  </testcase> <!-- @AfterSuite tearDown -->
  <testcase classname="BaseClasses.BaseTestClass" name="@AfterSuite tearDown" time="0.0">
    <ignored/>
  </testcase> <!-- @AfterSuite tearDown -->
  <testcase classname="BaseClasses.BaseTestClass" name="@AfterSuite tearDown" time="0.0">
    <ignored/>
  </testcase> <!-- @AfterSuite tearDown -->
  <testcase classname="BaseClasses.BaseTestClass" name="@AfterSuite tearDown" time="0.0">
    <ignored/>
  </testcase> <!-- @AfterSuite tearDown -->
  <testcase classname="BaseClasses.BaseTestClass" name="@AfterSuite tearDown" time="0.0">
    <ignored/>
  </testcase> <!-- @AfterSuite tearDown -->
  <testcase classname="BaseClasses.BaseTestClass" name="@AfterSuite tearDown" time="0.0">
    <ignored/>
  </testcase> <!-- @AfterSuite tearDown -->
  <testcase classname="BaseClasses.BaseTestClass" name="@AfterSuite tearDown" time="0.0">
    <ignored/>
  </testcase> <!-- @AfterSuite tearDown -->
  <testcase classname="BaseClasses.BaseTestClass" name="@AfterSuite tearDown" time="0.0">
    <ignored/>
  </testcase> <!-- @AfterSuite tearDown -->
  <testcase classname="BaseClasses.BaseTestClass" name="@AfterSuite tearDown" time="0.0">
    <ignored/>
  </testcase> <!-- @AfterSuite tearDown -->
  <testcase classname="BaseClasses.BaseTestClass" name="@AfterSuite tearDown" time="0.0">
    <ignored/>
  </testcase> <!-- @AfterSuite tearDown -->
  <testcase classname="BaseClasses.BaseTestClass" name="@AfterSuite tearDown" time="0.0">
    <ignored/>
  </testcase> <!-- @AfterSuite tearDown -->
  <testcase classname="BaseClasses.BaseTestClass" name="@AfterSuite tearDown" time="0.0">
    <ignored/>
  </testcase> <!-- @AfterSuite tearDown -->
  <testcase classname="BaseClasses.BaseTestClass" name="@AfterSuite tearDown" time="0.0">
    <ignored/>
  </testcase> <!-- @AfterSuite tearDown -->
  <testcase classname="BaseClasses.BaseTestClass" name="@AfterSuite tearDown" time="0.0">
    <ignored/>
  </testcase> <!-- @AfterSuite tearDown -->
  <testcase classname="BaseClasses.BaseTestClass" name="@AfterSuite tearDown" time="0.0">
    <ignored/>
  </testcase> <!-- @AfterSuite tearDown -->
  <testcase classname="BaseClasses.BaseTestClass" name="@AfterSuite tearDown" time="0.0">
    <ignored/>
  </testcase> <!-- @AfterSuite tearDown -->
  <testcase classname="BaseClasses.BaseTestClass" name="@AfterSuite tearDown" time="0.0">
    <ignored/>
  </testcase> <!-- @AfterSuite tearDown -->
  <testcase classname="BaseClasses.BaseTestClass" name="@BeforeSuite setup" time="0.0">
    <ignored/>
  </testcase> <!-- @BeforeSuite setup -->
  <testcase classname="BaseClasses.BaseTestClass" name="@BeforeSuite setup" time="0.0">
    <ignored/>
  </testcase> <!-- @BeforeSuite setup -->
  <testcase classname="BaseClasses.BaseTestClass" name="@BeforeSuite setup" time="0.0">
    <ignored/>
  </testcase> <!-- @BeforeSuite setup -->
  <testcase classname="BaseClasses.BaseTestClass" name="@BeforeSuite setup" time="0.0">
    <ignored/>
  </testcase> <!-- @BeforeSuite setup -->
  <testcase classname="BaseClasses.BaseTestClass" name="@BeforeSuite setup" time="0.0">
    <ignored/>
  </testcase> <!-- @BeforeSuite setup -->
  <testcase classname="BaseClasses.BaseTestClass" name="@BeforeSuite setup" time="0.0">
    <ignored/>
  </testcase> <!-- @BeforeSuite setup -->
  <testcase classname="BaseClasses.BaseTestClass" name="@BeforeSuite setup" time="0.0">
    <ignored/>
  </testcase> <!-- @BeforeSuite setup -->
  <testcase classname="BaseClasses.BaseTestClass" name="@BeforeSuite setup" time="0.0">
    <ignored/>
  </testcase> <!-- @BeforeSuite setup -->
  <testcase classname="BaseClasses.BaseTestClass" name="@BeforeSuite setup" time="0.0">
    <ignored/>
  </testcase> <!-- @BeforeSuite setup -->
  <testcase classname="BaseClasses.BaseTestClass" name="@BeforeSuite setup" time="0.0">
    <ignored/>
  </testcase> <!-- @BeforeSuite setup -->
  <testcase classname="BaseClasses.BaseTestClass" name="@BeforeSuite setup" time="0.0">
    <ignored/>
  </testcase> <!-- @BeforeSuite setup -->
  <testcase classname="BaseClasses.BaseTestClass" name="@BeforeSuite setup" time="0.0">
    <ignored/>
  </testcase> <!-- @BeforeSuite setup -->
  <testcase classname="BaseClasses.BaseTestClass" name="@BeforeSuite setup" time="0.0">
    <ignored/>
  </testcase> <!-- @BeforeSuite setup -->
  <testcase classname="BaseClasses.BaseTestClass" name="@BeforeSuite setup" time="0.0">
    <ignored/>
  </testcase> <!-- @BeforeSuite setup -->
  <testcase classname="BaseClasses.BaseTestClass" name="@BeforeSuite setup" time="0.0">
    <ignored/>
  </testcase> <!-- @BeforeSuite setup -->
  <testcase classname="BaseClasses.BaseTestClass" name="@BeforeSuite setup" time="0.0">
    <ignored/>
  </testcase> <!-- @BeforeSuite setup -->
  <testcase classname="BaseClasses.BaseTestClass" name="@BeforeSuite setup" time="0.0">
    <ignored/>
  </testcase> <!-- @BeforeSuite setup -->
  <testcase classname="BaseClasses.BaseTestClass" name="@BeforeSuite setup" time="0.0">
    <ignored/>
  </testcase> <!-- @BeforeSuite setup -->
  <testcase classname="BaseClasses.BaseTestClass" name="@BeforeSuite setup" time="0.0">
    <ignored/>
  </testcase> <!-- @BeforeSuite setup -->
  <testcase classname="BaseClasses.BaseTestClass" name="@BeforeSuite setup" time="0.0">
    <ignored/>
  </testcase> <!-- @BeforeSuite setup -->
  <testcase classname="BaseClasses.BaseTestClass" name="@BeforeSuite setup" time="0.0">
    <ignored/>
  </testcase> <!-- @BeforeSuite setup -->
</testsuite> <!-- Test -->
