<?xml version="1.0" encoding="UTF-8"?>
<testsuite xmlns:xsi="http://www.w3.org/2001/XMLSchema-instance" xsi:noNamespaceSchemaLocation="https://maven.apache.org/surefire/maven-surefire-plugin/xsd/surefire-test-report-3.0.xsd" version="3.0" name="TestSuite" time="147.274" tests="21" errors="0" skipped="0" failures="0">
  <properties>
[...]
</properties>
  <testcase name="citySelection_FROM" classname="testCases.FillingCabsDetails.CitySelection_FROMTest" time="6.136">
    <system-err><![CDATA[Starting ChromeDriver 100.0.4896.60 (6a5d10861ce8de5fce22564658033b43cb7de047-refs/branch-heads/4896@{#875}) on port 11247
Only local connections are allowed.
Please see https://chromedriver.chromium.org/security-considerations for suggestions on keeping ChromeDriver safe.
ChromeDriver was started successfully.
Apr 04, 2022 10:11:49 PM org.openqa.selenium.remote.ProtocolHandshake createSession
INFO: Detected dialect: W3C
]]></system-err>
  </testcase>
  <testcase name="pickupTimeSelection" classname="testCases.FillingCabsDetails.PickupTimeSelection" time="5.804"/>
  <testcase name="citySelection_TO" classname="testCases.FillingCabsDetails.CitySelection_TOTest" time="5.274"/>
  <testcase name="checkHotelOption" classname="testCases.HotelsPageSelection.CheckHotelOption" time="3.896"/>
  <testcase name="searchcabsfromdelhitomanali" classname="testCases.SearchButtonFunctionalityCabsPage.SearchcabsfromdelhitomanaliTest" time="15.772"/>
  <testcase name="selectCorporateGiftTest" classname="testCases.GiftCardPageSelection.SelectCorporateGiftTest" time="6.158"/>
  <testcase name="verifyUrlOfHotel" classname="testCases.HotelsPageSelection.VerifyUrlAfterClickOnHotel" time="4.289"/>
  <testcase name="sendersDetailsWithInValidEmail" classname="testCases.FillingCorporateGiftCardCredentials.SendersDetailsWithInvalidEmailTest" time="7.091"/>
  <testcase name="sendersDetailsWithInValidMobileNumber" classname="testCases.FillingCorporateGiftCardCredentials.SendersDetailsWithInvalidMobileNumTest" time="7.253"/>
  <testcase name="navigateCabsPageTest" classname="testCases.CabsPageSelectionFromMenu.NavigateCabsPageTest" time="4.928"/>
  <testcase name="EmptysendersdetailsTest" classname="testCases.FillingCorporateGiftCardCredentials.EmptySendersDetailsTest" time="6.031"/>
  <testcase name="sendersDetailsWithoutEmail" classname="testCases.FillingCorporateGiftCardCredentials.SendersDetailsWithoutEmailTest" time="6.861"/>
  <testcase name="listOfAdultOption" classname="testCases.VerifyRoomsandAdultsfromHotelsPage.GetListOfAdultOption" time="5.587"/>
  <testcase name="checkSearchButton" classname="testCases.SearchButtonFunctionalityCabsPage.CheckSearchButtonTest" time="4.465"/>
  <testcase name="sendersDetailsWithoutName" classname="testCases.FillingCorporateGiftCardCredentials.SendersDetailsWithoutNameTest" time="7.445"/>
  <testcase name="navigateGiftCardsPageTest" classname="testCases.GiftCardPageSelection.NavigateGiftCardsPageTest" time="4.645"/>
  <testcase name="checkCabsOption" classname="testCases.CabsPageSelectionFromMenu.CheckCabsOption" time="3.541"/>
  <testcase name="checkRoomDetailBox" classname="testCases.VerifyRoomsandAdultsfromHotelsPage.VerifyRoomDetailBox" time="4.28"/>
  <testcase name="filterCabsByCabType" classname="testCases.SearchResultFilters.FilterCabsByCabType" time="15.608"/>
  <testcase name="selectDepatureDate" classname="testCases.FillingCabsDetails.SelectDepartureDate" time="5.897"/>
  <testcase name="sendersDetailsWithoutMobileNum" classname="testCases.FillingCorporateGiftCardCredentials.SendersDetailsWithoutMobileNumTest" time="6.44"/>
</testsuite>